Performing C SOURCE FILE Test CMAKE_HAVE_LIBC_PTHREAD failed with the following output:
Change Dir: /home/julianporter/gr/gr-meromorph/build/CMakeFiles/CMakeTmp

Run Build Command(s):/usr/bin/gmake cmTC_ec7a2/fast && /usr/bin/gmake  -f CMakeFiles/cmTC_ec7a2.dir/build.make CMakeFiles/cmTC_ec7a2.dir/build
gmake[1]: Entering directory '/home/julianporter/gr/gr-meromorph/build/CMakeFiles/CMakeTmp'
Building C object CMakeFiles/cmTC_ec7a2.dir/src.c.o
/usr/bin/cc   -DCMAKE_HAVE_LIBC_PTHREAD -std=gnu11 -o CMakeFiles/cmTC_ec7a2.dir/src.c.o -c /home/julianporter/gr/gr-meromorph/build/CMakeFiles/CMakeTmp/src.c
Linking C executable cmTC_ec7a2
/usr/bin/cmake -E cmake_link_script CMakeFiles/cmTC_ec7a2.dir/link.txt --verbose=1
/usr/bin/cc  -DCMAKE_HAVE_LIBC_PTHREAD CMakeFiles/cmTC_ec7a2.dir/src.c.o -o cmTC_ec7a2 
/usr/bin/ld: CMakeFiles/cmTC_ec7a2.dir/src.c.o: in function `main':
src.c:(.text+0x2f): undefined reference to `pthread_create'
/usr/bin/ld: src.c:(.text+0x3b): undefined reference to `pthread_detach'
/usr/bin/ld: src.c:(.text+0x47): undefined reference to `pthread_cancel'
/usr/bin/ld: src.c:(.text+0x58): undefined reference to `pthread_join'
collect2: error: ld returned 1 exit status
gmake[1]: *** [CMakeFiles/cmTC_ec7a2.dir/build.make:106: cmTC_ec7a2] Error 1
gmake[1]: Leaving directory '/home/julianporter/gr/gr-meromorph/build/CMakeFiles/CMakeTmp'
gmake: *** [Makefile:140: cmTC_ec7a2/fast] Error 2


Source file was:
#include <pthread.h>

void* test_func(void* data)
{
  return data;
}

int main(void)
{
  pthread_t thread;
  pthread_create(&thread, NULL, test_func, NULL);
  pthread_detach(thread);
  pthread_cancel(thread);
  pthread_join(thread, NULL);
  pthread_atfork(NULL, NULL, NULL);
  pthread_exit(NULL);

  return 0;
}

Determining if the function pthread_create exists in the pthreads failed with the following output:
Change Dir: /home/julianporter/gr/gr-meromorph/build/CMakeFiles/CMakeTmp

Run Build Command(s):/usr/bin/gmake cmTC_6a0c4/fast && /usr/bin/gmake  -f CMakeFiles/cmTC_6a0c4.dir/build.make CMakeFiles/cmTC_6a0c4.dir/build
gmake[1]: Entering directory '/home/julianporter/gr/gr-meromorph/build/CMakeFiles/CMakeTmp'
Building C object CMakeFiles/cmTC_6a0c4.dir/CheckFunctionExists.c.o
/usr/bin/cc   -DCHECK_FUNCTION_EXISTS=pthread_create -std=gnu11 -o CMakeFiles/cmTC_6a0c4.dir/CheckFunctionExists.c.o -c /usr/share/cmake-3.18/Modules/CheckFunctionExists.c
Linking C executable cmTC_6a0c4
/usr/bin/cmake -E cmake_link_script CMakeFiles/cmTC_6a0c4.dir/link.txt --verbose=1
/usr/bin/cc  -DCHECK_FUNCTION_EXISTS=pthread_create CMakeFiles/cmTC_6a0c4.dir/CheckFunctionExists.c.o -o cmTC_6a0c4  -lpthreads 
/usr/bin/ld: cannot find -lpthreads
collect2: error: ld returned 1 exit status
gmake[1]: *** [CMakeFiles/cmTC_6a0c4.dir/build.make:106: cmTC_6a0c4] Error 1
gmake[1]: Leaving directory '/home/julianporter/gr/gr-meromorph/build/CMakeFiles/CMakeTmp'
gmake: *** [Makefile:140: cmTC_6a0c4/fast] Error 2



